<?xml version="1.0" encoding="UTF-8"?>
<testng-results ignored="0" total="1" passed="1" failed="0" skipped="0">
  <reporter-output>
  </reporter-output>
  <suite started-at="2023-07-22T14:57:01 IST" name="Default suite" finished-at="2023-07-22T14:57:04 IST" duration-ms="2509">
    <groups>
    </groups>
    <test started-at="2023-07-22T14:57:01 IST" name="Default test" finished-at="2023-07-22T14:57:04 IST" duration-ms="2509">
      <class name="script.TestScript">
        <test-method signature="basicTest()[pri:0, instance:script.TestScript@26e356f0]" started-at="2023-07-22T14:57:01 IST" name="basicTest" finished-at="2023-07-22T14:57:04 IST" duration-ms="2448" status="PASS">
          <reporter-output>
          </reporter-output>
        </test-method> <!-- basicTest -->
      </class> <!-- script.TestScript -->
    </test> <!-- Default test -->
  </suite> <!-- Default suite -->
</testng-results>
